2017-12-03 13:08:57 16636 [Note] Plugin 'FEDERATED' is disabled.
2017-12-03 13:08:57 16636 [Note] InnoDB: The InnoDB memory heap is disabled
2017-12-03 13:08:57 16636 [Note] InnoDB: Mutexes and rw_locks use Windows interlocked functions
2017-12-03 13:08:57 16636 [Note] InnoDB: Compressed tables use zlib 1.2.3
2017-12-03 13:08:57 16636 [Note] InnoDB: Not using CPU crc32 instructions
2017-12-03 13:08:57 16636 [Note] InnoDB: Initializing buffer pool, size = 128.0M
2017-12-03 13:08:57 16636 [Note] InnoDB: Completed initialization of buffer pool
2017-12-03 13:08:58 16636 [Note] InnoDB: Highest supported file format is Barracuda.
2017-12-03 13:08:58 16636 [Note] InnoDB: The log sequence numbers 1626134 and 1626134 in ibdata files do not match the log sequence number 1779924 in the ib_logfiles!
2017-12-03 13:08:58 16636 [Note] InnoDB: Database was not shutdown normally!
2017-12-03 13:08:58 16636 [Note] InnoDB: Starting crash recovery.
2017-12-03 13:08:58 16636 [Note] InnoDB: Reading tablespace information from the .ibd files...
2017-12-03 13:08:58 16636 [Note] InnoDB: Restoring possible half-written data pages 
2017-12-03 13:08:58 16636 [Note] InnoDB: from the doublewrite buffer...
2017-12-03 13:08:58 16636 [Note] InnoDB: 128 rollback segment(s) are active.
2017-12-03 13:08:58 16636 [Note] InnoDB: Waiting for purge to start
2017-12-03 13:08:58 16636 [Note] InnoDB: 5.6.13 started; log sequence number 1779924
2017-12-03 13:08:58 16636 [Note] Server hostname (bind-address): '*'; port: 3307
2017-12-03 13:08:58 16636 [Note] IPv6 is available.
2017-12-03 13:08:58 16636 [Note]   - '::' resolves to '::';
2017-12-03 13:08:58 16636 [Note] Server socket created on IP: '::'.
2017-12-03 13:09:00 16636 [Note] Event Scheduler: Loaded 0 events
2017-12-03 13:09:00 16636 [Note] G:\Fall2017\Web making\USBWebserver v8.6/mysql/bin/mysqld_usbwv8.exe: ready for connections.
Version: '5.6.13'  socket: ''  port: 3307  MySQL Community Server (GPL)
2017-12-11 11:41:33 25044 [Note] Plugin 'FEDERATED' is disabled.
2017-12-11 11:41:33 25044 [Note] InnoDB: The InnoDB memory heap is disabled
2017-12-11 11:41:33 25044 [Note] InnoDB: Mutexes and rw_locks use Windows interlocked functions
2017-12-11 11:41:33 25044 [Note] InnoDB: Compressed tables use zlib 1.2.3
2017-12-11 11:41:33 25044 [Note] InnoDB: Not using CPU crc32 instructions
2017-12-11 11:41:33 25044 [Note] InnoDB: Initializing buffer pool, size = 128.0M
2017-12-11 11:41:33 25044 [Note] InnoDB: Completed initialization of buffer pool
2017-12-11 11:41:33 25044 [Note] InnoDB: Highest supported file format is Barracuda.
2017-12-11 11:41:33 25044 [Note] InnoDB: The log sequence numbers 1626134 and 1626134 in ibdata files do not match the log sequence number 2955966 in the ib_logfiles!
2017-12-11 11:41:33 25044 [Note] InnoDB: Database was not shutdown normally!
2017-12-11 11:41:33 25044 [Note] InnoDB: Starting crash recovery.
2017-12-11 11:41:33 25044 [Note] InnoDB: Reading tablespace information from the .ibd files...
2017-12-11 11:41:33 25044 [Note] InnoDB: Restoring possible half-written data pages 
2017-12-11 11:41:33 25044 [Note] InnoDB: from the doublewrite buffer...
2017-12-11 11:41:34 25044 [Note] InnoDB: 128 rollback segment(s) are active.
2017-12-11 11:41:34 25044 [Note] InnoDB: Waiting for purge to start
2017-12-11 11:41:34 25044 [Note] InnoDB: 5.6.13 started; log sequence number 2955966
2017-12-11 11:41:34 25044 [Note] Server hostname (bind-address): '*'; port: 3307
2017-12-11 11:41:34 25044 [Note] IPv6 is available.
2017-12-11 11:41:34 25044 [Note]   - '::' resolves to '::';
2017-12-11 11:41:34 25044 [Note] Server socket created on IP: '::'.
2